<?xml version="1.0" encoding="UTF-8"?>
<testsuite name="Gradle test"
           tests="2"
           failures="2"
           errors="0"
           skipped="0"
           time="0.011">
  <properties />
            <testcase name="ValidateAddingProductOfDifferentSize" time="0.003" classname="executor.executor">
                <failure type="java.lang.RuntimeException"
                  message="java.lang.InstantiationException: pom.welcomePage"
              >
<![CDATA[java.lang.RuntimeException: java.lang.InstantiationException: pom.welcomePage
  org.openqa.selenium.support.PageFactory.instantiatePage(PageFactory.java:131)
  org.openqa.selenium.support.PageFactory.initElements(PageFactory.java:63)
  utils.basicActions.getInstance(basicActions.java:32)
  executor.executor.ValidateAddingProductOfDifferentSize(executor.java:41)
  java.base/jdk.internal.reflect.NativeMethodAccessorImpl.invoke0(Native Method)
  java.base/jdk.internal.reflect.NativeMethodAccessorImpl.invoke(NativeMethodAccessorImpl.java:62)
  java.base/jdk.internal.reflect.DelegatingMethodAccessorImpl.invoke(DelegatingMethodAccessorImpl.java:43)
  java.base/java.lang.reflect.Method.invoke(Method.java:566)
  org.testng.internal.MethodInvocationHelper.invokeMethod(MethodInvocationHelper.java:134)
  org.testng.internal.TestInvoker.invokeMethod(TestInvoker.java:597)
  org.testng.internal.TestInvoker.invokeTestMethod(TestInvoker.java:173)
  org.testng.internal.MethodRunner.runInSequence(MethodRunner.java:46)
  org.testng.internal.TestInvoker$MethodInvocationAgent.invoke(TestInvoker.java:816)
  org.testng.internal.TestInvoker.invokeTestMethods(TestInvoker.java:146)
  org.testng.internal.TestMethodWorker.invokeTestMethods(TestMethodWorker.java:146)
  org.testng.internal.TestMethodWorker.run(TestMethodWorker.java:128)
  java.base/java.util.concurrent.ThreadPoolExecutor.runWorker(ThreadPoolExecutor.java:1128)
  java.base/java.util.concurrent.ThreadPoolExecutor$Worker.run(ThreadPoolExecutor.java:628)
  java.base/java.lang.Thread.run(Thread.java:834)
Caused by: java.lang.InstantiationException: pom.welcomePage
  java.base/java.lang.Class.newInstance(Class.java:571)
  org.openqa.selenium.support.PageFactory.instantiatePage(PageFactory.java:128)
  org.openqa.selenium.support.PageFactory.initElements(PageFactory.java:63)
  utils.basicActions.getInstance(basicActions.java:32)
  executor.executor.ValidateAddingProductOfDifferentSize(executor.java:41)
  java.base/jdk.internal.reflect.NativeMethodAccessorImpl.invoke0(Native Method)
  java.base/jdk.internal.reflect.NativeMethodAccessorImpl.invoke(NativeMethodAccessorImpl.java:62)
  java.base/jdk.internal.reflect.DelegatingMethodAccessorImpl.invoke(DelegatingMethodAccessorImpl.java:43)
  java.base/java.lang.reflect.Method.invoke(Method.java:566)
  org.testng.internal.MethodInvocationHelper.invokeMethod(MethodInvocationHelper.java:134)
  org.testng.internal.TestInvoker.invokeMethod(TestInvoker.java:597)
  org.testng.internal.TestInvoker.invokeTestMethod(TestInvoker.java:173)
  org.testng.internal.MethodRunner.runInSequence(MethodRunner.java:46)
  org.testng.internal.TestInvoker$MethodInvocationAgent.invoke(TestInvoker.java:816)
  org.testng.internal.TestInvoker.invokeTestMethods(TestInvoker.java:146)
  org.testng.internal.TestMethodWorker.invokeTestMethods(TestMethodWorker.java:146)
  org.testng.internal.TestMethodWorker.run(TestMethodWorker.java:128)
  java.base/java.util.concurrent.ThreadPoolExecutor.runWorker(ThreadPoolExecutor.java:1128)
  java.base/java.util.concurrent.ThreadPoolExecutor$Worker.run(ThreadPoolExecutor.java:628)
  java.base/java.lang.Thread.run(Thread.java:834)
Caused by: java.lang.NoSuchMethodException: pom.welcomePage.<init>()
  java.base/java.lang.Class.getConstructor0(Class.java:3349)
  java.base/java.lang.Class.newInstance(Class.java:556)
  org.openqa.selenium.support.PageFactory.instantiatePage(PageFactory.java:128)
  org.openqa.selenium.support.PageFactory.initElements(PageFactory.java:63)
  utils.basicActions.getInstance(basicActions.java:32)
  executor.executor.ValidateAddingProductOfDifferentSize(executor.java:41)
  java.base/jdk.internal.reflect.NativeMethodAccessorImpl.invoke0(Native Method)
  java.base/jdk.internal.reflect.NativeMethodAccessorImpl.invoke(NativeMethodAccessorImpl.java:62)
  java.base/jdk.internal.reflect.DelegatingMethodAccessorImpl.invoke(DelegatingMethodAccessorImpl.java:43)
  java.base/java.lang.reflect.Method.invoke(Method.java:566)
  org.testng.internal.MethodInvocationHelper.invokeMethod(MethodInvocationHelper.java:134)
  org.testng.internal.TestInvoker.invokeMethod(TestInvoker.java:597)
  org.testng.internal.TestInvoker.invokeTestMethod(TestInvoker.java:173)
  org.testng.internal.MethodRunner.runInSequence(MethodRunner.java:46)
  org.testng.internal.TestInvoker$MethodInvocationAgent.invoke(TestInvoker.java:816)
  org.testng.internal.TestInvoker.invokeTestMethods(TestInvoker.java:146)
  org.testng.internal.TestMethodWorker.invokeTestMethods(TestMethodWorker.java:146)
  org.testng.internal.TestMethodWorker.run(TestMethodWorker.java:128)
  java.base/java.util.concurrent.ThreadPoolExecutor.runWorker(ThreadPoolExecutor.java:1128)
  java.base/java.util.concurrent.ThreadPoolExecutor$Worker.run(ThreadPoolExecutor.java:628)
  java.base/java.lang.Thread.run(Thread.java:834)
]]>
      </failure>

          </testcase>
            <testcase name="validatingSearch" time="0.008" classname="executor.executor">
                <failure type="java.lang.RuntimeException"
                  message="java.lang.InstantiationException: pom.welcomePage"
              >
<![CDATA[java.lang.RuntimeException: java.lang.InstantiationException: pom.welcomePage
  org.openqa.selenium.support.PageFactory.instantiatePage(PageFactory.java:131)
  org.openqa.selenium.support.PageFactory.initElements(PageFactory.java:63)
  utils.basicActions.getInstance(basicActions.java:32)
  executor.executor.validatingSearch(executor.java:19)
  java.base/jdk.internal.reflect.NativeMethodAccessorImpl.invoke0(Native Method)
  java.base/jdk.internal.reflect.NativeMethodAccessorImpl.invoke(NativeMethodAccessorImpl.java:62)
  java.base/jdk.internal.reflect.DelegatingMethodAccessorImpl.invoke(DelegatingMethodAccessorImpl.java:43)
  java.base/java.lang.reflect.Method.invoke(Method.java:566)
  org.testng.internal.MethodInvocationHelper.invokeMethod(MethodInvocationHelper.java:134)
  org.testng.internal.TestInvoker.invokeMethod(TestInvoker.java:597)
  org.testng.internal.TestInvoker.invokeTestMethod(TestInvoker.java:173)
  org.testng.internal.MethodRunner.runInSequence(MethodRunner.java:46)
  org.testng.internal.TestInvoker$MethodInvocationAgent.invoke(TestInvoker.java:816)
  org.testng.internal.TestInvoker.invokeTestMethods(TestInvoker.java:146)
  org.testng.internal.TestMethodWorker.invokeTestMethods(TestMethodWorker.java:146)
  org.testng.internal.TestMethodWorker.run(TestMethodWorker.java:128)
  java.base/java.util.concurrent.ThreadPoolExecutor.runWorker(ThreadPoolExecutor.java:1128)
  java.base/java.util.concurrent.ThreadPoolExecutor$Worker.run(ThreadPoolExecutor.java:628)
  java.base/java.lang.Thread.run(Thread.java:834)
Caused by: java.lang.InstantiationException: pom.welcomePage
  java.base/java.lang.Class.newInstance(Class.java:571)
  org.openqa.selenium.support.PageFactory.instantiatePage(PageFactory.java:128)
  org.openqa.selenium.support.PageFactory.initElements(PageFactory.java:63)
  utils.basicActions.getInstance(basicActions.java:32)
  executor.executor.validatingSearch(executor.java:19)
  java.base/jdk.internal.reflect.NativeMethodAccessorImpl.invoke0(Native Method)
  java.base/jdk.internal.reflect.NativeMethodAccessorImpl.invoke(NativeMethodAccessorImpl.java:62)
  java.base/jdk.internal.reflect.DelegatingMethodAccessorImpl.invoke(DelegatingMethodAccessorImpl.java:43)
  java.base/java.lang.reflect.Method.invoke(Method.java:566)
  org.testng.internal.MethodInvocationHelper.invokeMethod(MethodInvocationHelper.java:134)
  org.testng.internal.TestInvoker.invokeMethod(TestInvoker.java:597)
  org.testng.internal.TestInvoker.invokeTestMethod(TestInvoker.java:173)
  org.testng.internal.MethodRunner.runInSequence(MethodRunner.java:46)
  org.testng.internal.TestInvoker$MethodInvocationAgent.invoke(TestInvoker.java:816)
  org.testng.internal.TestInvoker.invokeTestMethods(TestInvoker.java:146)
  org.testng.internal.TestMethodWorker.invokeTestMethods(TestMethodWorker.java:146)
  org.testng.internal.TestMethodWorker.run(TestMethodWorker.java:128)
  java.base/java.util.concurrent.ThreadPoolExecutor.runWorker(ThreadPoolExecutor.java:1128)
  java.base/java.util.concurrent.ThreadPoolExecutor$Worker.run(ThreadPoolExecutor.java:628)
  java.base/java.lang.Thread.run(Thread.java:834)
Caused by: java.lang.NoSuchMethodException: pom.welcomePage.<init>()
  java.base/java.lang.Class.getConstructor0(Class.java:3349)
  java.base/java.lang.Class.newInstance(Class.java:556)
  org.openqa.selenium.support.PageFactory.instantiatePage(PageFactory.java:128)
  org.openqa.selenium.support.PageFactory.initElements(PageFactory.java:63)
  utils.basicActions.getInstance(basicActions.java:32)
  executor.executor.validatingSearch(executor.java:19)
  java.base/jdk.internal.reflect.NativeMethodAccessorImpl.invoke0(Native Method)
  java.base/jdk.internal.reflect.NativeMethodAccessorImpl.invoke(NativeMethodAccessorImpl.java:62)
  java.base/jdk.internal.reflect.DelegatingMethodAccessorImpl.invoke(DelegatingMethodAccessorImpl.java:43)
  java.base/java.lang.reflect.Method.invoke(Method.java:566)
  org.testng.internal.MethodInvocationHelper.invokeMethod(MethodInvocationHelper.java:134)
  org.testng.internal.TestInvoker.invokeMethod(TestInvoker.java:597)
  org.testng.internal.TestInvoker.invokeTestMethod(TestInvoker.java:173)
  org.testng.internal.MethodRunner.runInSequence(MethodRunner.java:46)
  org.testng.internal.TestInvoker$MethodInvocationAgent.invoke(TestInvoker.java:816)
  org.testng.internal.TestInvoker.invokeTestMethods(TestInvoker.java:146)
  org.testng.internal.TestMethodWorker.invokeTestMethods(TestMethodWorker.java:146)
  org.testng.internal.TestMethodWorker.run(TestMethodWorker.java:128)
  java.base/java.util.concurrent.ThreadPoolExecutor.runWorker(ThreadPoolExecutor.java:1128)
  java.base/java.util.concurrent.ThreadPoolExecutor$Worker.run(ThreadPoolExecutor.java:628)
  java.base/java.lang.Thread.run(Thread.java:834)
]]>
      </failure>

          </testcase>
  
  
  
</testsuite>
